[2026-05-19 20:46:31] ==================================================
[2026-05-19 20:46:31] 자동 수집 시작 (하루 상한 5개, dry_run=False)
[2026-05-19 20:46:31] 오늘 처리 대상 5개: ['나 혼자만 레벨업', '원신', '눔', '스포티파이', '젠레스 존 제로']
[2026-05-19 20:46:31] [1/5] 나 혼자만 레벨업
[2026-05-19 20:46:32]    ⏳ 26초 대기...
[2026-05-19 20:46:58] [2/5] 원신
[2026-05-19 20:47:00]    ⏳ 17초 대기...
[2026-05-19 20:47:17] [3/5] 눔
[2026-05-19 20:47:18]    ⏳ 28초 대기...
[2026-05-19 20:47:46] [4/5] 스포티파이
[2026-05-19 20:47:48]    ⏳ 24초 대기...
[2026-05-19 20:48:12] [5/5] 젠레스 존 제로
[2026-05-19 20:48:13] 💾 apps_data.js 갱신 — 4개 추가 (총 26개)
[2026-05-19 20:48:13] 🗺  sitemap.xml 재생성 — 34개 URL
[2026-05-19 20:48:13] 완료: 성공 4 / 시도 5
[2026-05-19 20:48:13] ==================================================
[2026-05-22 02:17:58] ==================================================
[2026-05-22 02:17:58] 자동 수집 시작 (하루 상한 5개, dry_run=False)
[2026-05-22 02:17:58] 오늘 처리 대상 5개: ['배달이친구', '구글 드라이브', '삼성헬스', '클래스101', '오늘의지출']
[2026-05-22 02:17:58] [1/5] 배달이친구
[2026-05-22 02:18:00]    ⏳ 33초 대기...
[2026-05-22 02:18:33] [2/5] 구글 드라이브
[2026-05-22 02:18:35]    ⏳ 39초 대기...
[2026-05-22 02:19:14] [3/5] 삼성헬스
[2026-05-22 02:19:16]    ⏳ 22초 대기...
[2026-05-22 02:19:38] [4/5] 클래스101
[2026-05-22 02:19:40]    ⏳ 32초 대기...
[2026-05-22 02:20:12] [5/5] 오늘의지출
[2026-05-22 02:20:14] 💾 apps_data.js 갱신 — 4개 추가 (총 26개)
[2026-05-22 02:20:14] 🗺  sitemap.xml 재생성 — 35개 URL
[2026-05-22 02:20:14] 완료: 성공 4 / 시도 5
[2026-05-22 02:20:14] ==================================================
[2026-05-22 02:20:14] ==================================================
[2026-05-22 02:20:14] SEO 소개글 생성 시작
[2026-05-22 02:20:14] 대상: 26/26개
[2026-05-22 02:20:14] [1/26] 카카오톡 소개글 생성 중...
[2026-05-22 02:20:18]    ✓ 생성 완료 (175자): 카카오톡 다운로드해서 써보니 역시 국민 메신저답네요. 1:1 채팅부터 그룹채팅까지 기본 기...
[2026-05-22 02:20:20] [2/26] 네이버 소개글 생성 중...
[2026-05-22 02:20:24]    ✓ 생성 완료 (125자): 네이버 앱 다운로드하고 매일 사용 중인데, 홈피드에서 관심사별 맞춤 콘텐츠부터 클립의 재미...
[2026-05-22 02:20:26] [3/26] 인스타그램 소개글 생성 중...
[2026-05-22 02:20:31]    ✓ 생성 완료 (174자): 일상의 소중한 순간들을 사진과 영상으로 기록하고 친구들과 공유할 수 있는 인스타그램 다운로...
[2026-05-22 02:20:32] [4/26] 유튜브 소개글 생성 중...
[2026-05-22 02:20:36]    ✓ 생성 완료 (167자): 유튜브 앱 다운로드하면 음악부터 게임, 뷰티, 교육까지 전 세계 영상을 무료로 시청할 수 ...
[2026-05-22 02:20:39] [5/26] 넷플릭스 소개글 생성 중...
[2026-05-22 02:20:43]    ✓ 생성 완료 (173자): 넷플릭스 앱으로 언제 어디서나 스마트폰으로 인기 드라마와 영화를 시청할 수 있어요. 오프라...
[2026-05-22 02:20:46] [6/26] 티빙 소개글 생성 중...
[2026-05-22 02:20:51]    ✓ 생성 완료 (172자): 티빙 다운로드하면 tvN 예능부터 KBO 야구 중계까지 한 앱에서 모두 볼 수 있어요. Q...
[2026-05-22 02:20:53] [7/26] 왓챠 소개글 생성 중...
[2026-05-22 02:20:58]    ✓ 생성 완료 (161자): 넷플릭스 대안으로 요즘 많이 쓰고 있는데, 한국 드라마와 예능 콘텐츠가 정말 풍부해요. 7...
[2026-05-22 02:21:01] [8/26] 쿠팡 소개글 생성 중...
[2026-05-22 02:21:06]    ✓ 생성 완료 (163자): 쿠팡 앱으로 생필품부터 전자제품까지 한 번에 주문하고 있어요. 밤 12시 전 주문하면 다음...
[2026-05-22 02:21:08] [9/26] 당근 소개글 생성 중...
[2026-05-22 02:21:11]    ✓ 생성 완료 (138자): 당근 앱으로 동네 이웃들과 직거래 중고거래 시작해보세요. 택배비 없이 근처에서 만나 거래하...
[2026-05-22 02:21:14] [10/26] 번개장터 소개글 생성 중...
[2026-05-22 02:21:18]    ✓ 생성 완료 (204자): 전국 어디서나 원하는 브랜드 중고 아이템을 찾을 수 있어서 정말 편해요. 번개장터 앱 다운...
[2026-05-22 02:21:20] [11/26] 무신사 소개글 생성 중...
[2026-05-22 02:21:25]    ✓ 생성 완료 (169자): 패션 쇼핑 고민이 많았는데 무신사 앱 설치하고 나서 정말 편해졌어요. 브랜드별 정품 보장은...
[2026-05-22 02:21:27] [12/26] 오늘의집 소개글 생성 중...
[2026-05-22 02:21:32]    ✓ 생성 완료 (185자): 집꾸미기부터 가구 쇼핑까지 한 번에 해결하는 오늘의집 앱을 써보니 정말 편하더라고요. 인테...
[2026-05-22 02:21:34] [13/26] 29CM 소개글 생성 중...
[2026-05-22 02:21:39]    ✓ 생성 완료 (170자): 29CM 앱 다운로드하고 나서 정말 만족하고 있어요. 일반 쇼핑몰과 달리 큐레이터가 직접 ...
[2026-05-22 02:21:41] [14/26] 에이블리 소개글 생성 중...
[2026-05-22 02:21:46]    ✓ 생성 완료 (167자): 20대 여성들 사이에서 입소문 난 패션 쇼핑앱 에이블리, 실제로 써보니 추천 알고리즘이 정...
[2026-05-22 02:21:47] [15/26] 올리브영 소개글 생성 중...
[2026-05-22 02:21:52]    ✓ 생성 완료 (165자): 올리브영 앱으로 화장품부터 생활용품까지 한 번에 주문하고 있어요. 온라인 단독 할인가와 적...
[2026-05-22 02:21:55] [16/26] 컬리 소개글 생성 중...
[2026-05-22 02:22:00]    ✓ 생성 완료 (182자): 새벽배송으로 유명한 컬리 앱을 직접 써보니 정말 편리하더라고요. 밤 11시까지 주문하면 다...
[2026-05-22 02:22:03] [17/26] 배달의민족 소개글 생성 중...
[2026-05-22 02:22:07]    ✓ 생성 완료 (164자): 국내 최대 음식 배달 앱으로 집 근처 맛집부터 유명 프랜차이즈까지 한번에 주문 가능해요. ...
[2026-05-22 02:22:09] [18/26] 요기요 소개글 생성 중...
[2026-05-22 02:22:13]    ✓ 생성 완료 (162자): 국내 대표 배달앱 중 하나인 요기요는 매 주문마다 최대 18% 포인트 적립이 가능해서 자주...
[2026-05-22 02:22:15] [19/26] 쿠팡이츠 소개글 생성 중...
[2026-05-22 02:22:19]    ✓ 생성 완료 (153자): 쿠팡이츠 다운로드로 배달비 걱정 끝! 하나만 주문해도 배달비 0원인게 진짜 좋더라구요. 최...
[2026-05-22 02:22:22] [20/26] 토스 소개글 생성 중...
[2026-05-22 02:22:26]    ✓ 생성 완료 (165자): 토스 앱 하나로 흩어진 계좌들을 한 번에 관리하고 있어요. 예적금부터 증권, 대출까지 내 ...
[2026-05-22 02:22:28] [21/26] 카카오페이 소개글 생성 중...
[2026-05-22 02:22:33]    ✓ 생성 완료 (200자): 카카오페이 다운로드 후 몇 달째 쓰고 있는데, 정말 편리한 모바일 금융앱이에요. 어느 화면...
[2026-05-22 02:22:36] [22/26] 네이버페이 소개글 생성 중...
[2026-05-22 02:22:40]    ✓ 생성 완료 (186자): 편의점부터 카페, 마트까지 스마트폰만 있으면 1초 만에 결제 완료되는 네이버페이 앱이에요....
[2026-05-22 02:22:41] [23/26] 배달이친구 소개글 생성 중...
[2026-05-22 02:22:47]    ✓ 생성 완료 (178자): 배달의민족 앱으로 집에서 간편하게 음식 주문하고 있어요. 전국 맛집들이 다 모여있어서 선택...
[2026-05-22 02:22:49] [24/26] 구글 드라이브 소개글 생성 중...
[2026-05-22 02:22:54]    ✓ 생성 완료 (176자): 구글 드라이브 다운로드로 파일 관리가 정말 편해졌어요. 휴대폰에서 찍은 사진을 자동 백업하...
[2026-05-22 02:22:56] [25/26] 삼성헬스 소개글 생성 중...
[2026-05-22 02:23:01]    ✓ 생성 완료 (160자): 삼성헬스 다운로드하고 2년째 쓰고 있는데 정말 편해요. 걸음수부터 운동량까지 자동으로 기록...
[2026-05-22 02:23:04] [26/26] 오늘의지출 소개글 생성 중...
[2026-05-22 02:23:09]    ✓ 생성 완료 (182자): 매일 가계부 쓰기가 번거로웠는데 오늘의지출 앱으로 바꾸니까 정말 간단해졌어요. 두 번만 터...
[2026-05-22 02:23:09] 💾 apps_data.js 저장 — 26개 소개글 추가
[2026-05-22 02:23:09] 완료
[2026-05-22 02:23:09] ==================================================
[2026-05-22 20:56:58] ==================================================
[2026-05-22 20:56:58] 자동 수집 시작 (하루 상한 5개, dry_run=False)
[2026-05-22 20:56:58] ℹ️ 오늘(2026-05-22) 이미 실행됨 — 스팸 방지를 위해 종료
[2026-05-22 20:56:58] ==================================================
[2026-05-22 20:56:58] SEO 소개글 생성 시작
[2026-05-22 20:56:58] 대상: 0/27개
[2026-05-22 20:56:58] 완료
[2026-05-22 20:56:58] ==================================================
[2026-05-23 20:17:38] ==================================================
[2026-05-23 20:17:38] 자동 수집 시작 (하루 상한 5개, dry_run=False)
[2026-05-23 20:17:38] 오늘 처리 대상 5개: ['밀리의 서재', '브롤스타즈', '듀오링고', '챗GPT', '멜론']
[2026-05-23 20:17:38] [1/5] 밀리의 서재
[2026-05-23 20:17:40]    ⏳ 34초 대기...
[2026-05-23 20:18:14] [2/5] 브롤스타즈
[2026-05-23 20:18:15]    ⏳ 33초 대기...
[2026-05-23 20:18:48] [3/5] 듀오링고
[2026-05-23 20:18:50]    ⏳ 31초 대기...
[2026-05-23 20:19:21] [4/5] 챗GPT
[2026-05-23 20:19:22]    ⏳ 35초 대기...
[2026-05-23 20:19:58] [5/5] 멜론
[2026-05-23 20:19:59] 💾 apps_data.js 갱신 — 5개 추가 (총 32개)
[2026-05-23 20:19:59] 🗺  sitemap.xml 재생성 — 43개 URL
[2026-05-23 20:19:59] 완료: 성공 5 / 시도 5
[2026-05-23 20:19:59] ==================================================
[2026-05-23 20:19:59] ==================================================
[2026-05-23 20:19:59] SEO 소개글 생성 시작
[2026-05-23 20:19:59] 대상: 5/32개
[2026-05-23 20:19:59] [1/5] 밀리의 서재 소개글 생성 중...
[2026-05-23 20:20:04]    ✓ 생성 완료 (178자): 매달 1,000권씩 업데이트되는 전자책과 오디오북을 무제한으로 읽을 수 있는 독서 앱이에요...
[2026-05-23 20:20:06] [2/5] 브롤스타즈 소개글 생성 중...
[2026-05-23 20:20:12]    ✓ 생성 완료 (177자): 수퍼셀이 만든 브롤스타즈는 3분 안에 끝나는 빠른 MOBA 게임이에요. 개성 넘치는 브롤러...
[2026-05-23 20:20:15] [3/5] 듀오링고 소개글 생성 중...
[2026-05-23 20:20:19]    ✓ 생성 완료 (186자): 짧은 시간에도 꾸준히 외국어 실력을 늘리고 싶다면 듀오링고가 정답입니다. 하루 15분씩 게...
[2026-05-23 20:20:21] [4/5] 챗GPT 소개글 생성 중...
[2026-05-23 20:20:26]    ✓ 생성 완료 (178자): AI 챗봇이 필요할 때마다 챗GPT 다운로드해서 써보니 생각보다 편하더라고요. 질문하면 바...
[2026-05-23 20:20:28] [5/5] 멜론 소개글 생성 중...
[2026-05-23 20:20:32]    ✓ 생성 완료 (153자): 한국 대표 음악 스트리밍 앱 멜론 다운로드로 최신 트렌드 음악부터 개인 맞춤 추천까지 모두...
[2026-05-23 20:20:32] 💾 apps_data.js 저장 — 5개 소개글 추가
[2026-05-23 20:20:32] 완료
[2026-05-23 20:20:32] ==================================================
[2026-05-24 20:04:57] ==================================================
[2026-05-24 20:04:57] 자동 수집 시작 (하루 상한 5개, dry_run=False)
[2026-05-24 20:04:57] 오늘 처리 대상 5개: ['마인크래프트', '뱅드림', '노션', '쿠키런 킹덤', '여기어때']
[2026-05-24 20:04:57] [1/5] 마인크래프트
[2026-05-24 20:04:58]    ⏳ 21초 대기...
[2026-05-24 20:05:19] [2/5] 뱅드림
[2026-05-24 20:05:21]    ⏳ 35초 대기...
[2026-05-24 20:05:56] [3/5] 노션
[2026-05-24 20:05:57]    ⏳ 38초 대기...
[2026-05-24 20:06:35] [4/5] 쿠키런 킹덤
[2026-05-24 20:06:37]    ⏳ 38초 대기...
[2026-05-24 20:07:15] [5/5] 여기어때
[2026-05-24 20:07:16] 💾 apps_data.js 갱신 — 4개 추가 (총 36개)
[2026-05-24 20:07:16] 🗺  sitemap.xml 재생성 — 47개 URL
[2026-05-24 20:07:16] 완료: 성공 4 / 시도 5
[2026-05-24 20:07:16] ==================================================
[2026-05-24 20:07:17] ==================================================
[2026-05-24 20:07:17] SEO 소개글 생성 시작
[2026-05-24 20:07:17] 대상: 4/36개
[2026-05-24 20:07:17] [1/4] 마인크래프트 소개글 생성 중...
[2026-05-24 20:07:21]    ✓ 생성 완료 (180자): 마인크래프트는 블록으로 모든 것을 만들 수 있는 샌드박스 게임입니다. 나무를 캐고 집을 짓...
[2026-05-24 20:07:23] [2/4] 뱅드림 소개글 생성 중...
[2026-05-24 20:07:28]    ✓ 생성 완료 (163자): 하츠네 미쿠와 함께하는 리듬게임 뱅드림! 다섯 개 밴드의 스토리를 따라가며 버추얼 세카이에...
[2026-05-24 20:07:30] [3/4] 노션 소개글 생성 중...
[2026-05-24 20:07:34]    ✓ 생성 완료 (154자): 메모부터 프로젝트 관리까지 한 번에 해결하는 노션 다운로드 추천합니다. AI 기능으로 문서...
[2026-05-24 20:07:37] [4/4] 쿠키런 킹덤 소개글 생성 중...
[2026-05-24 20:07:41]    ✓ 생성 완료 (151자): 쿠키런 킹덤은 귀여운 쿠키 캐릭터들로 왕국을 건설하고 모험을 떠나는 RPG 게임입니다. 화...
[2026-05-24 20:07:41] 💾 apps_data.js 저장 — 4개 소개글 추가
[2026-05-24 20:07:41] 완료
[2026-05-24 20:07:41] ==================================================
[2026-05-25 20:22:37] ==================================================
[2026-05-25 20:22:37] 자동 수집 시작 (하루 상한 5개, dry_run=False)
[2026-05-25 20:22:37] 오늘 처리 대상 5개: ['에버노트', '야놀자', '캐시워크', '슬랙', '발로란트 모바일']
[2026-05-25 20:22:37] [1/5] 에버노트
[2026-05-25 20:22:39]    ⏳ 35초 대기...
[2026-05-25 20:23:14] [2/5] 야놀자
[2026-05-25 20:23:15]    ⏳ 23초 대기...
[2026-05-25 20:23:38] [3/5] 캐시워크
[2026-05-25 20:23:40]    ⏳ 29초 대기...
[2026-05-25 20:24:09] [4/5] 슬랙
[2026-05-25 20:24:11]    ⏳ 34초 대기...
[2026-05-25 20:24:45] [5/5] 발로란트 모바일
[2026-05-25 20:24:46] 💾 apps_data.js 갱신 — 4개 추가 (총 40개)
[2026-05-25 20:24:46] 🗺  sitemap.xml 재생성 — 51개 URL
[2026-05-25 20:24:46] 완료: 성공 4 / 시도 5
[2026-05-25 20:24:46] ==================================================
[2026-05-25 20:24:46] ==================================================
[2026-05-25 20:24:46] SEO 소개글 생성 시작
[2026-05-25 20:24:46] 대상: 4/40개
[2026-05-25 20:24:46] [1/4] 에버노트 소개글 생성 중...
[2026-05-25 20:24:51]    ✓ 생성 완료 (166자): 메모와 일정을 한 곳에서 관리하고 싶어서 에버노트를 써봤는데, 생각보다 정말 편하더라고요....
[2026-05-25 20:24:54] [2/4] 캐시워크 소개글 생성 중...
[2026-05-25 20:24:59]    ✓ 생성 완료 (170자): 매일 걷기만 해도 포인트가 쌓이는 캐시워크 다운로드로 건강 관리와 용돈벌이를 동시에 해결해...
[2026-05-25 20:25:01] [3/4] 슬랙 소개글 생성 중...
[2026-05-25 20:25:06]    ✓ 생성 완료 (155자): 업무용 메신저로 슬랙 다운로드해서 쓰고 있는데 팀 소통이 정말 편해졌어요. 채널별로 대화를...
[2026-05-25 20:25:09] [4/4] 발로란트 모바일 소개글 생성 중...
[2026-05-25 20:25:14]    ✓ 생성 완료 (191자): PC에서 인기 폭발한 발로란트를 모바일로 즐길 수 있는 공식 앱이에요. 5vs5 전술 FP...
[2026-05-25 20:25:14] 💾 apps_data.js 저장 — 4개 소개글 추가
[2026-05-25 20:25:14] 완료
[2026-05-25 20:25:14] ==================================================
[2026-05-26 14:05:47] ==================================================
[2026-05-26 14:05:47] 자동 수집 시작 (하루 상한 10개, dry_run=False)
[2026-05-26 14:05:47] 오늘 처리 대상 1개: ['디즈니플러스']
[2026-05-26 14:05:47] [1/1] 디즈니플러스
[2026-05-26 14:05:48] 💾 apps_data.js 갱신 — 1개 추가 (총 41개)
[2026-05-26 14:05:48] 🗺  sitemap.xml 재생성 — 52개 URL
[2026-05-26 14:05:48] ==================================================
[2026-05-26 14:05:48] 정적 HTML 생성 시작
[2026-05-26 14:05:48] ✅ 앱 HTML 19개 / 카테고리 10개 생성 / 사이트맵 96줄
[2026-05-26 14:05:48] ==================================================
[2026-05-26 14:05:48] 📄 정적 HTML 생성 완료
[2026-05-26 14:05:48] 완료: 성공 1 / 시도 1
[2026-05-26 14:05:48] ==================================================
[2026-05-26 14:05:48] ==================================================
[2026-05-26 14:05:48] SEO 소개글 생성 시작
[2026-05-26 14:05:48] 대상: 1/41개
[2026-05-26 14:05:48] [1/1] 디즈니플러스 소개글 생성 중...
[2026-05-26 14:05:52]    ✓ 생성 완료 (181자): 디즈니플러스 다운로드하면 마블, 스타워즈, 픽사 작품을 한곳에서 스트리밍할 수 있어요. 무...
[2026-05-26 14:05:52] 💾 apps_data.js 저장 — 1개 소개글 추가
[2026-05-26 14:05:52] 완료
[2026-05-26 14:05:52] ==================================================
[2026-05-26 14:05:52] ==================================================
[2026-05-26 14:05:52] 정적 HTML 생성 시작
[2026-05-26 14:05:52] ✅ 앱 HTML 0개 / 카테고리 10개 생성 / 사이트맵 96줄
[2026-05-26 14:05:52] ==================================================
[2026-05-26 17:31:24] ==================================================
[2026-05-26 17:31:24] 자동 수집 시작 (하루 상한 10개, dry_run=False)
[2026-05-26 17:31:24] 오늘 처리 대상 1개: ['페이스북']
[2026-05-26 17:31:24] [1/1] 페이스북
[2026-05-26 17:31:26] 💾 apps_data.js 갱신 — 1개 추가 (총 42개)
[2026-05-26 17:31:26] 🗺  sitemap.xml 재생성 — 53개 URL
[2026-05-26 17:31:26] ==================================================
[2026-05-26 17:31:26] 정적 HTML 생성 시작
[2026-05-26 17:31:26] ✅ 앱 HTML 1개 / 카테고리 10개 생성 / 사이트맵 98줄
[2026-05-26 17:31:26] ==================================================
[2026-05-26 17:31:26] 📄 정적 HTML 생성 완료
[2026-05-26 17:31:26] 완료: 성공 1 / 시도 1
[2026-05-26 17:31:26] ==================================================
[2026-05-26 17:31:26] ==================================================
[2026-05-26 17:31:26] SEO 소개글 생성 시작
[2026-05-26 17:31:26] 대상: 1/42개
[2026-05-26 17:31:26] [1/1] 페이스북 소개글 생성 중...
[2026-05-26 17:31:31]    ✓ 생성 완료 (199자): 페이스북 다운로드해서 사용해보니 친구들과 소통하기 정말 편하더라고요. 릴스 영상으로 재미있...
[2026-05-26 17:31:31] 💾 apps_data.js 저장 — 1개 소개글 추가
[2026-05-26 17:31:31] 완료
[2026-05-26 17:31:31] ==================================================
[2026-05-26 17:31:31] ==================================================
[2026-05-26 17:31:31] 정적 HTML 생성 시작
[2026-05-26 17:31:31] ✅ 앱 HTML 0개 / 카테고리 10개 생성 / 사이트맵 98줄
[2026-05-26 17:31:31] ==================================================
[2026-05-26 20:14:19] ==================================================
[2026-05-26 20:14:19] 자동 수집 시작 (하루 상한 10개, dry_run=False)
[2026-05-26 20:14:19] 오늘 처리 대상 1개: ['산타토익']
[2026-05-26 20:14:19] [1/1] 산타토익
[2026-05-26 20:14:20] 완료: 성공 0 / 시도 1
[2026-05-26 20:14:20] ==================================================
[2026-05-26 20:14:20] ==================================================
[2026-05-26 20:14:20] SEO 소개글 생성 시작
[2026-05-26 20:14:20] 대상: 0/42개
[2026-05-26 20:14:20] 완료
[2026-05-26 20:14:20] ==================================================
[2026-05-26 20:14:20] ==================================================
[2026-05-26 20:14:20] 정적 HTML 생성 시작
[2026-05-26 20:14:20] ✅ 앱 HTML 0개 / 카테고리 10개 생성 / 사이트맵 98줄
[2026-05-26 20:14:20] ==================================================
